0 info it worked if it ends with ok
1 verbose cli [ '/usr/bin/node',
1 verbose cli   '/usr/bin/npm',
1 verbose cli   'install',
1 verbose cli   'angular',
1 verbose cli   'bootstrap',
1 verbose cli   'agular-route' ]
2 info using npm@3.5.2
3 info using node@v8.10.0
4 silly loadCurrentTree Starting
5 silly install loadCurrentTree
6 silly install readLocalPackageData
7 silly fetchPackageMetaData angular
8 silly fetchPackageMetaData bootstrap
9 silly fetchPackageMetaData agular-route
10 silly fetchNamedPackageData angular
11 silly mapToRegistry name angular
12 silly mapToRegistry using default registry
13 silly mapToRegistry registry https://registry.npmjs.org/
14 silly mapToRegistry uri https://registry.npmjs.org/angular
15 silly fetchNamedPackageData bootstrap
16 silly mapToRegistry name bootstrap
17 silly mapToRegistry using default registry
18 silly mapToRegistry registry https://registry.npmjs.org/
19 silly mapToRegistry uri https://registry.npmjs.org/bootstrap
20 silly fetchNamedPackageData agular-route
21 silly mapToRegistry name agular-route
22 silly mapToRegistry using default registry
23 silly mapToRegistry registry https://registry.npmjs.org/
24 silly mapToRegistry uri https://registry.npmjs.org/agular-route
25 verbose request uri https://registry.npmjs.org/bootstrap
26 verbose request no auth needed
27 info attempt registry request try #1 at 7:23:04 AM
28 verbose request id 82fd34941128c6ef
29 http request GET https://registry.npmjs.org/bootstrap
30 verbose request uri https://registry.npmjs.org/agular-route
31 verbose request no auth needed
32 info attempt registry request try #1 at 7:23:04 AM
33 http request GET https://registry.npmjs.org/agular-route
34 verbose request uri https://registry.npmjs.org/angular
35 verbose request no auth needed
36 info attempt registry request try #1 at 7:23:04 AM
37 verbose etag W/"9f4a20128e1f4879d1c9df27d613cdc6"
38 verbose lastModified Sat, 21 Oct 2023 01:41:22 GMT
39 http request GET https://registry.npmjs.org/angular
40 http 304 https://registry.npmjs.org/angular
41 verbose headers { date: 'Thu, 18 Apr 2024 14:23:04 GMT',
41 verbose headers   connection: 'keep-alive',
41 verbose headers   'cf-ray': '87654f832a4bc1c8-BUD',
41 verbose headers   'cf-cache-status': 'HIT',
41 verbose headers   age: '126',
41 verbose headers   'cache-control': 'public, max-age=300',
41 verbose headers   etag: '"9f4a20128e1f4879d1c9df27d613cdc6"',
41 verbose headers   'last-modified': 'Sat, 21 Oct 2023 01:41:22 GMT',
41 verbose headers   vary: 'Accept-Encoding',
41 verbose headers   server: 'cloudflare' }
42 silly get cb [ 304,
42 silly get   { date: 'Thu, 18 Apr 2024 14:23:04 GMT',
42 silly get     connection: 'keep-alive',
42 silly get     'cf-ray': '87654f832a4bc1c8-BUD',
42 silly get     'cf-cache-status': 'HIT',
42 silly get     age: '126',
42 silly get     'cache-control': 'public, max-age=300',
42 silly get     etag: '"9f4a20128e1f4879d1c9df27d613cdc6"',
42 silly get     'last-modified': 'Sat, 21 Oct 2023 01:41:22 GMT',
42 silly get     vary: 'Accept-Encoding',
42 silly get     server: 'cloudflare' } ]
43 verbose etag https://registry.npmjs.org/angular from cache
44 verbose get saving angular to /home/linux/.npm/registry.npmjs.org/angular/.cache.json
45 http 200 https://registry.npmjs.org/bootstrap
46 verbose headers { date: 'Thu, 18 Apr 2024 14:23:04 GMT',
46 verbose headers   'content-type': 'application/json',
46 verbose headers   'transfer-encoding': 'chunked',
46 verbose headers   connection: 'keep-alive',
46 verbose headers   'cf-ray': '87654f832bca1ccc-BUD',
46 verbose headers   'cf-cache-status': 'HIT',
46 verbose headers   'access-control-allow-origin': '*',
46 verbose headers   age: '47',
46 verbose headers   'cache-control': 'public, max-age=300',
46 verbose headers   etag: 'W/"89fe4661f6765fcd4b13a66c3bc77c10"',
46 verbose headers   'last-modified': 'Tue, 20 Feb 2024 15:21:38 GMT',
46 verbose headers   vary: 'accept-encoding, accept',
46 verbose headers   server: 'cloudflare',
46 verbose headers   'content-encoding': 'gzip' }
47 silly get cb [ 200,
47 silly get   { date: 'Thu, 18 Apr 2024 14:23:04 GMT',
47 silly get     'content-type': 'application/json',
47 silly get     'transfer-encoding': 'chunked',
47 silly get     connection: 'keep-alive',
47 silly get     'cf-ray': '87654f832bca1ccc-BUD',
47 silly get     'cf-cache-status': 'HIT',
47 silly get     'access-control-allow-origin': '*',
47 silly get     age: '47',
47 silly get     'cache-control': 'public, max-age=300',
47 silly get     etag: 'W/"89fe4661f6765fcd4b13a66c3bc77c10"',
47 silly get     'last-modified': 'Tue, 20 Feb 2024 15:21:38 GMT',
47 silly get     vary: 'accept-encoding, accept',
47 silly get     server: 'cloudflare',
47 silly get     'content-encoding': 'gzip' } ]
48 verbose get saving bootstrap to /home/linux/.npm/registry.npmjs.org/bootstrap/.cache.json
49 http 404 https://registry.npmjs.org/agular-route
50 verbose headers { date: 'Thu, 18 Apr 2024 14:23:04 GMT',
50 verbose headers   'content-type': 'application/json',
50 verbose headers   'content-length': '21',
50 verbose headers   connection: 'keep-alive',
50 verbose headers   'cf-ray': '87654f832bcb1cb8-BUD',
50 verbose headers   vary: 'Accept-Encoding',
50 verbose headers   server: 'cloudflare' }
51 silly get cb [ 404,
51 silly get   { date: 'Thu, 18 Apr 2024 14:23:04 GMT',
51 silly get     'content-type': 'application/json',
51 silly get     'content-length': '21',
51 silly get     connection: 'keep-alive',
51 silly get     'cf-ray': '87654f832bcb1cb8-BUD',
51 silly get     vary: 'Accept-Encoding',
51 silly get     server: 'cloudflare' } ]
52 silly fetchPackageMetaData Error: Not found : agular-route
52 silly fetchPackageMetaData     at makeError (/usr/share/npm/node_modules/npm-registry-client/lib/request.js:264:12)
52 silly fetchPackageMetaData     at CachingRegistryClient.<anonymous> (/usr/share/npm/node_modules/npm-registry-client/lib/request.js:252:14)
52 silly fetchPackageMetaData     at Request._callback (/usr/share/npm/node_modules/npm-registry-client/lib/request.js:172:14)
52 silly fetchPackageMetaData     at Request.self.callback (/usr/share/npm/node_modules/request/request.js:198:22)
52 silly fetchPackageMetaData     at emitTwo (events.js:126:13)
52 silly fetchPackageMetaData     at Request.emit (events.js:214:7)
52 silly fetchPackageMetaData     at Request.<anonymous> (/usr/share/npm/node_modules/request/request.js:1082:10)
52 silly fetchPackageMetaData     at emitOne (events.js:121:20)
52 silly fetchPackageMetaData     at Request.emit (events.js:211:7)
52 silly fetchPackageMetaData     at IncomingMessage.<anonymous> (/usr/share/npm/node_modules/request/request.js:1009:12)
52 silly fetchPackageMetaData  error for agular-route { Error: Not found : agular-route
52 silly fetchPackageMetaData     at makeError (/usr/share/npm/node_modules/npm-registry-client/lib/request.js:264:12)
52 silly fetchPackageMetaData     at CachingRegistryClient.<anonymous> (/usr/share/npm/node_modules/npm-registry-client/lib/request.js:252:14)
52 silly fetchPackageMetaData     at Request._callback (/usr/share/npm/node_modules/npm-registry-client/lib/request.js:172:14)
52 silly fetchPackageMetaData     at Request.self.callback (/usr/share/npm/node_modules/request/request.js:198:22)
52 silly fetchPackageMetaData     at emitTwo (events.js:126:13)
52 silly fetchPackageMetaData     at Request.emit (events.js:214:7)
52 silly fetchPackageMetaData     at Request.<anonymous> (/usr/share/npm/node_modules/request/request.js:1082:10)
52 silly fetchPackageMetaData     at emitOne (events.js:121:20)
52 silly fetchPackageMetaData     at Request.emit (events.js:211:7)
52 silly fetchPackageMetaData     at IncomingMessage.<anonymous> (/usr/share/npm/node_modules/request/request.js:1009:12) pkgid: 'agular-route', statusCode: 404, code: 'E404' }
53 silly rollbackFailedOptional Starting
54 silly rollbackFailedOptional Finishing
55 silly runTopLevelLifecycles Starting
56 silly runTopLevelLifecycles Finishing
57 silly install printInstalled
58 verbose stack Error: Not found : agular-route
58 verbose stack     at makeError (/usr/share/npm/node_modules/npm-registry-client/lib/request.js:264:12)
58 verbose stack     at CachingRegistryClient.<anonymous> (/usr/share/npm/node_modules/npm-registry-client/lib/request.js:252:14)
58 verbose stack     at Request._callback (/usr/share/npm/node_modules/npm-registry-client/lib/request.js:172:14)
58 verbose stack     at Request.self.callback (/usr/share/npm/node_modules/request/request.js:198:22)
58 verbose stack     at emitTwo (events.js:126:13)
58 verbose stack     at Request.emit (events.js:214:7)
58 verbose stack     at Request.<anonymous> (/usr/share/npm/node_modules/request/request.js:1082:10)
58 verbose stack     at emitOne (events.js:121:20)
58 verbose stack     at Request.emit (events.js:211:7)
58 verbose stack     at IncomingMessage.<anonymous> (/usr/share/npm/node_modules/request/request.js:1009:12)
59 verbose statusCode 404
60 verbose pkgid agular-route
61 verbose cwd /home/linux/Desktop/Vezba2
62 error Linux 5.4.0-84-generic
63 error argv "/usr/bin/node" "/usr/bin/npm" "install" "angular" "bootstrap" "agular-route"
64 error node v8.10.0
65 error npm  v3.5.2
66 error code E404
67 error 404 Not found : agular-route
68 error 404
69 error 404 'agular-route' is not in the npm registry.
70 error 404 You should bug the author to publish it (or use the name yourself!)
71 error 404 Note that you can also install from a
72 error 404 tarball, folder, http url, or git url.
73 verbose exit [ 1, true ]
